{"/Users/halil/Desktop/libraries/react-native-ark-security-manager/src/NativeArkSecurityManager.ts": {"path":"/Users/halil/Desktop/libraries/react-native-ark-security-manager/src/NativeArkSecurityManager.ts","statementMap":{"0":{"start":{"line":1,"column":0},"end":{"line":1,"column":69}},"1":{"start":{"line":120,"column":0},"end":{"line":120,"column":76}}},"fnMap":{},"branchMap":{},"s":{"0":4,"1":4},"f":{},"b":{}}
,"/Users/halil/Desktop/libraries/react-native-ark-security-manager/src/index.tsx": {"path":"/Users/halil/Desktop/libraries/react-native-ark-security-manager/src/index.tsx","statementMap":{"0":{"start":{"line":43,"column":0},"end":{"line":43,"column":16}},"1":{"start":{"line":51,"column":0},"end":{"line":51,"column":16}},"2":{"start":{"line":58,"column":0},"end":{"line":58,"column":16}},"3":{"start":{"line":66,"column":0},"end":{"line":66,"column":16}},"4":{"start":{"line":74,"column":0},"end":{"line":74,"column":16}},"5":{"start":{"line":83,"column":0},"end":{"line":83,"column":16}},"6":{"start":{"line":91,"column":0},"end":{"line":91,"column":16}},"7":{"start":{"line":100,"column":0},"end":{"line":100,"column":16}},"8":{"start":{"line":109,"column":0},"end":{"line":109,"column":16}},"9":{"start":{"line":117,"column":0},"end":{"line":117,"column":16}},"10":{"start":{"line":125,"column":0},"end":{"line":125,"column":16}},"11":{"start":{"line":132,"column":0},"end":{"line":132,"column":16}},"12":{"start":{"line":146,"column":0},"end":{"line":146,"column":16}},"13":{"start":{"line":155,"column":0},"end":{"line":155,"column":16}},"14":{"start":{"line":164,"column":0},"end":{"line":164,"column":16}},"15":{"start":{"line":172,"column":0},"end":{"line":172,"column":16}},"16":{"start":{"line":1,"column":0},"end":{"line":1,"column":50}},"17":{"start":{"line":2,"column":0},"end":{"line":2,"column":66}},"18":{"start":{"line":32,"column":28},"end":{"line":32,"column":62}},"19":{"start":{"line":33,"column":29},"end":{"line":34,"column":null}},"20":{"start":{"line":44,"column":2},"end":{"line":44,"column":55}},"21":{"start":{"line":52,"column":2},"end":{"line":52,"column":62}},"22":{"start":{"line":59,"column":2},"end":{"line":59,"column":56}},"23":{"start":{"line":67,"column":2},"end":{"line":67,"column":52}},"24":{"start":{"line":75,"column":2},"end":{"line":75,"column":50}},"25":{"start":{"line":84,"column":2},"end":{"line":84,"column":65}},"26":{"start":{"line":92,"column":2},"end":{"line":92,"column":51}},"27":{"start":{"line":101,"column":2},"end":{"line":101,"column":60}},"28":{"start":{"line":110,"column":2},"end":{"line":110,"column":58}},"29":{"start":{"line":118,"column":2},"end":{"line":118,"column":57}},"30":{"start":{"line":126,"column":2},"end":{"line":126,"column":60}},"31":{"start":{"line":135,"column":2},"end":{"line":138,"column":4}},"32":{"start":{"line":147,"column":2},"end":{"line":147,"column":59}},"33":{"start":{"line":156,"column":2},"end":{"line":156,"column":52}},"34":{"start":{"line":165,"column":2},"end":{"line":165,"column":53}},"35":{"start":{"line":173,"column":2},"end":{"line":173,"column":72}}},"fnMap":{"0":{"name":"isDebuggerAttached","decl":{"start":{"line":43,"column":16},"end":{"line":43,"column":34}},"loc":{"start":{"line":43,"column":34},"end":{"line":45,"column":1}}},"1":{"name":"isDeveloperOptionsEnabled","decl":{"start":{"line":51,"column":16},"end":{"line":51,"column":41}},"loc":{"start":{"line":51,"column":41},"end":{"line":53,"column":1}}},"2":{"name":"isDeviceCompromised","decl":{"start":{"line":58,"column":16},"end":{"line":58,"column":35}},"loc":{"start":{"line":58,"column":35},"end":{"line":60,"column":1}}},"3":{"name":"isFridaDetected","decl":{"start":{"line":66,"column":16},"end":{"line":66,"column":31}},"loc":{"start":{"line":66,"column":31},"end":{"line":68,"column":1}}},"4":{"name":"isSSLBypassed","decl":{"start":{"line":74,"column":16},"end":{"line":74,"column":29}},"loc":{"start":{"line":74,"column":29},"end":{"line":76,"column":1}}},"5":{"name":"isInstalledFromTrustedSource","decl":{"start":{"line":83,"column":16},"end":{"line":83,"column":44}},"loc":{"start":{"line":83,"column":44},"end":{"line":85,"column":1}}},"6":{"name":"setScreenSecure","decl":{"start":{"line":91,"column":16},"end":{"line":91,"column":31}},"loc":{"start":{"line":91,"column":47},"end":{"line":93,"column":1}}},"7":{"name":"applyOverviewProtection","decl":{"start":{"line":100,"column":16},"end":{"line":100,"column":39}},"loc":{"start":{"line":100,"column":54},"end":{"line":102,"column":1}}},"8":{"name":"startSecurityEventMonitoring","decl":{"start":{"line":109,"column":16},"end":{"line":109,"column":44}},"loc":{"start":{"line":109,"column":44},"end":{"line":111,"column":1}}},"9":{"name":"stopSecurityEventMonitoring","decl":{"start":{"line":117,"column":16},"end":{"line":117,"column":43}},"loc":{"start":{"line":117,"column":43},"end":{"line":119,"column":1}}},"10":{"name":"isScreenRecordingActive","decl":{"start":{"line":125,"column":16},"end":{"line":125,"column":39}},"loc":{"start":{"line":125,"column":39},"end":{"line":127,"column":1}}},"11":{"name":"addSecurityEventListener","decl":{"start":{"line":132,"column":16},"end":{"line":132,"column":40}},"loc":{"start":{"line":133,"column":42},"end":{"line":139,"column":1}}},"12":{"name":"isLocationMocked","decl":{"start":{"line":146,"column":16},"end":{"line":146,"column":32}},"loc":{"start":{"line":146,"column":48},"end":{"line":148,"column":1}}},"13":{"name":"setTrustedStores","decl":{"start":{"line":155,"column":16},"end":{"line":155,"column":32}},"loc":{"start":{"line":155,"column":49},"end":{"line":157,"column":1}}},"14":{"name":"removeTrustedStore","decl":{"start":{"line":164,"column":16},"end":{"line":164,"column":34}},"loc":{"start":{"line":164,"column":48},"end":{"line":166,"column":1}}},"15":{"name":"getSecurityReport","decl":{"start":{"line":172,"column":16},"end":{"line":172,"column":33}},"loc":{"start":{"line":172,"column":33},"end":{"line":174,"column":1}}}},"branchMap":{"0":{"loc":{"start":{"line":100,"column":40},"end":{"line":100,"column":54}},"type":"default-arg","locations":[{"start":{"line":100,"column":50},"end":{"line":100,"column":54}}]}},"s":{"0":3,"1":3,"2":3,"3":3,"4":3,"5":3,"6":3,"7":3,"8":3,"9":3,"10":3,"11":3,"12":3,"13":3,"14":3,"15":3,"16":3,"17":3,"18":3,"19":3,"20":1,"21":1,"22":1,"23":1,"24":1,"25":1,"26":2,"27":2,"28":1,"29":1,"30":1,"31":3,"32":2,"33":1,"34":1,"35":2},"f":{"0":1,"1":1,"2":1,"3":1,"4":1,"5":1,"6":2,"7":2,"8":1,"9":1,"10":1,"11":3,"12":2,"13":1,"14":1,"15":2},"b":{"0":[1]}}
}
