TN:
SF:src/NativeArkSecurityManager.ts
FNF:0
FNH:0
DA:1,4
DA:120,4
LF:2
LH:2
BRF:0
BRH:0
end_of_record
TN:
SF:src/index.tsx
FN:43,isDebuggerAttached
FN:51,isDeveloperOptionsEnabled
FN:58,isDeviceCompromised
FN:66,isFridaDetected
FN:74,isSSLBypassed
FN:83,isInstalledFromTrustedSource
FN:91,setScreenSecure
FN:100,applyOverviewProtection
FN:109,startSecurityEventMonitoring
FN:117,stopSecurityEventMonitoring
FN:125,isScreenRecordingActive
FN:132,addSecurityEventListener
FN:146,isLocationMocked
FN:155,setTrustedStores
FN:164,removeTrustedStore
FN:172,getSecurityReport
FNF:16
FNH:16
FNDA:1,isDebuggerAttached
FNDA:1,isDeveloperOptionsEnabled
FNDA:1,isDeviceCompromised
FNDA:1,isFridaDetected
FNDA:1,isSSLBypassed
FNDA:1,isInstalledFromTrustedSource
FNDA:2,setScreenSecure
FNDA:2,applyOverviewProtection
FNDA:1,startSecurityEventMonitoring
FNDA:1,stopSecurityEventMonitoring
FNDA:1,isScreenRecordingActive
FNDA:3,addSecurityEventListener
FNDA:2,isLocationMocked
FNDA:1,setTrustedStores
FNDA:1,removeTrustedStore
FNDA:2,getSecurityReport
DA:1,3
DA:2,3
DA:32,3
DA:33,3
DA:43,3
DA:44,1
DA:51,3
DA:52,1
DA:58,3
DA:59,1
DA:66,3
DA:67,1
DA:74,3
DA:75,1
DA:83,3
DA:84,1
DA:91,3
DA:92,2
DA:100,3
DA:101,2
DA:109,3
DA:110,1
DA:117,3
DA:118,1
DA:125,3
DA:126,1
DA:132,3
DA:135,3
DA:146,3
DA:147,2
DA:155,3
DA:156,1
DA:164,3
DA:165,1
DA:172,3
DA:173,2
LF:36
LH:36
BRDA:100,0,0,1
BRF:1
BRH:1
end_of_record
